license-server
oss-consul-client
oss-consul-server
tsf-alarm
tsf-apm
tsf-auth
tsf-consul-access
tsf-consul-authen
tsf-consul-config
tsf-consul-register
tsf-controler
tsf-ctsdb
tsf-dcfg
tsf-dispatch
tsf-elasticsearch
tsf-gateway
tsf-master
tsf-masterapi
tsf-mesh-apiserver
tsf-mesh-mixs
tsf-mesh-pilot
tsf-metrics
tsf-monitor
tsf-ms
tsf-ratelimit
tsf-ratelimit-master
tsf-record
tsf-redis
tsf-repository-access
tsf-repository-server
tsf-resource
tsf-route
tsf-scalable
tsf-template
tsf-trans-coordinator
tsf-tx
ubuntu-env
